0 info it worked if it ends with ok
1 verbose cli [ 'node', '/usr/local/bin/npm', 'install' ]
2 info using npm@1.5.0-alpha-3
3 info using node@v0.10.29
4 error install Couldn't read dependencies
5 error Failed to parse json
5 error Unexpected string
6 error File: /home/IDEAIS/lucas.castro/Documents/lucasirc/openshift-nodejs/package.json
7 error Failed to parse package.json data.
7 error package.json must be actual JSON, not just JavaScript.
7 error
7 error This is not a bug in npm.
7 error Tell the package author to fix their package.json file. JSON.parse
8 error System Linux 3.2.0-63-generic
9 error command "node" "/usr/local/bin/npm" "install"
10 error cwd /home/IDEAIS/lucas.castro/Documents/lucasirc/openshift-nodejs
11 error node -v v0.10.29
12 error npm -v 1.5.0-alpha-3
13 error file /home/IDEAIS/lucas.castro/Documents/lucasirc/openshift-nodejs/package.json
14 error code EJSONPARSE
15 verbose exit [ 1, true ]
